<?xml version="1.0" encoding="UTF-8"?>
<!-- Generated by org.testng.reporters.JUnitReportReporter -->
<testsuite skipped="0" hostname="User-PC" name="TestNGsample.Title" tests="1" failures="0" timestamp="09 Apr 2018 16:59:28 GMT" time="0.056" errors="0">
  <testcase name="f" time="0.056" classname="TestNGsample.Title"/>
</testsuite> <!-- TestNGsample.Title -->
