<?xml version="1.0" encoding="UTF-8"?>
<!-- Generated by org.testng.reporters.JUnitReportReporter -->
<testsuite skipped="1" hostname="User-PC" name="TestNGsample.MouseAlert" tests="2" failures="0" timestamp="09 Apr 2018 17:55:30 GMT" time="8.947" errors="0">
  <testcase name="Mouse" time="8.947" classname="TestNGsample.MouseAlert"/>
  <testcase name="Alert" classname="TestNGsample.MouseAlert">
    <skipped/>
  </testcase> <!-- Alert -->
</testsuite> <!-- TestNGsample.MouseAlert -->
