<?xml version="1.0" encoding="UTF-8"?>
<!-- Generated by org.testng.reporters.JUnitReportReporter -->
<testsuite skipped="0" hostname="User-PC" name="TestNGsample.parametr" tests="4" failures="0" timestamp="09 Apr 2018 18:09:08 GMT" time="0.090" errors="0">
  <testcase name="f" time="0.044" classname="TestNGsample.parametr"/>
  <testcase name="f" time="0.004" classname="TestNGsample.parametr"/>
  <testcase name="f" time="0.030" classname="TestNGsample.parametr"/>
  <testcase name="f" time="0.012" classname="TestNGsample.parametr"/>
</testsuite> <!-- TestNGsample.parametr -->
