<?xml version="1.0" encoding="UTF-8"?>
<!-- Generated by org.testng.reporters.JUnitReportReporter -->
<testsuite skipped="0" hostname="User-PC" name="TestNGsample.EX2" tests="3" failures="0" timestamp="09 Apr 2018 17:24:51 GMT" time="14.660" errors="0">
  <testcase name="TC3" time="5.459" classname="TestNGsample.EX2"/>
  <testcase name="TC1" time="4.722" classname="TestNGsample.EX2"/>
  <testcase name="TC2" time="4.479" classname="TestNGsample.EX2"/>
</testsuite> <!-- TestNGsample.EX2 -->
